Determining if the Q_WS_WIN exist failed with the following output:
Change Dir: /home/yunusem/projects/etacoser/build/CMakeFiles/CMakeTmp

Run Build Command:"/usr/bin/make" "cmTryCompileExec3332408340/fast"
/usr/bin/make -f CMakeFiles/cmTryCompileExec3332408340.dir/build.make CMakeFiles/cmTryCompileExec3332408340.dir/build
make[1]: Entering directory '/home/yunusem/projects/etacoser/build/CMakeFiles/CMakeTmp'
/usr/bin/cmake -E cmake_progress_report /home/yunusem/projects/etacoser/build/CMakeFiles/CMakeTmp/CMakeFiles 1
Building CXX object CMakeFiles/cmTryCompileExec3332408340.dir/CheckSymbolExists.cxx.o
/usr/bin/c++    -I/usr/include/qt4    -o CMakeFiles/cmTryCompileExec3332408340.dir/CheckSymbolExists.cxx.o -c /home/yunusem/projects/etacoser/build/CMakeFiles/CMakeTmp/CheckSymbolExists.cxx
/home/yunusem/projects/etacoser/build/CMakeFiles/CMakeTmp/CheckSymbolExists.cxx: In function ‘int main(int, char**)’:
/home/yunusem/projects/etacoser/build/CMakeFiles/CMakeTmp/CheckSymbolExists.cxx:8:19: error: ‘Q_WS_WIN’ was not declared in this scope
   return ((int*)(&Q_WS_WIN))[argc];
                   ^
CMakeFiles/cmTryCompileExec3332408340.dir/build.make:57: recipe for target 'CMakeFiles/cmTryCompileExec3332408340.dir/CheckSymbolExists.cxx.o' failed
make[1]: *** [CMakeFiles/cmTryCompileExec3332408340.dir/CheckSymbolExists.cxx.o] Error 1
make[1]: Leaving directory '/home/yunusem/projects/etacoser/build/CMakeFiles/CMakeTmp'
Makefile:118: recipe for target 'cmTryCompileExec3332408340/fast' failed
make: *** [cmTryCompileExec3332408340/fast] Error 2

File /home/yunusem/projects/etacoser/build/CMakeFiles/CMakeTmp/CheckSymbolExists.cxx:
/* */
#include <QtCore/qglobal.h>

int main(int argc, char** argv)
{
  (void)argv;
#ifndef Q_WS_WIN
  return ((int*)(&Q_WS_WIN))[argc];
#else
  (void)argc;
  return 0;
#endif
}

Determining if the Q_WS_QWS exist failed with the following output:
Change Dir: /home/yunusem/projects/etacoser/build/CMakeFiles/CMakeTmp

Run Build Command:"/usr/bin/make" "cmTryCompileExec3936696055/fast"
/usr/bin/make -f CMakeFiles/cmTryCompileExec3936696055.dir/build.make CMakeFiles/cmTryCompileExec3936696055.dir/build
make[1]: Entering directory '/home/yunusem/projects/etacoser/build/CMakeFiles/CMakeTmp'
/usr/bin/cmake -E cmake_progress_report /home/yunusem/projects/etacoser/build/CMakeFiles/CMakeTmp/CMakeFiles 1
Building CXX object CMakeFiles/cmTryCompileExec3936696055.dir/CheckSymbolExists.cxx.o
/usr/bin/c++    -I/usr/include/qt4    -o CMakeFiles/cmTryCompileExec3936696055.dir/CheckSymbolExists.cxx.o -c /home/yunusem/projects/etacoser/build/CMakeFiles/CMakeTmp/CheckSymbolExists.cxx
/home/yunusem/projects/etacoser/build/CMakeFiles/CMakeTmp/CheckSymbolExists.cxx: In function ‘int main(int, char**)’:
/home/yunusem/projects/etacoser/build/CMakeFiles/CMakeTmp/CheckSymbolExists.cxx:8:19: error: ‘Q_WS_QWS’ was not declared in this scope
   return ((int*)(&Q_WS_QWS))[argc];
                   ^
CMakeFiles/cmTryCompileExec3936696055.dir/build.make:57: recipe for target 'CMakeFiles/cmTryCompileExec3936696055.dir/CheckSymbolExists.cxx.o' failed
make[1]: *** [CMakeFiles/cmTryCompileExec3936696055.dir/CheckSymbolExists.cxx.o] Error 1
make[1]: Leaving directory '/home/yunusem/projects/etacoser/build/CMakeFiles/CMakeTmp'
Makefile:118: recipe for target 'cmTryCompileExec3936696055/fast' failed
make: *** [cmTryCompileExec3936696055/fast] Error 2

File /home/yunusem/projects/etacoser/build/CMakeFiles/CMakeTmp/CheckSymbolExists.cxx:
/* */
#include <QtCore/qglobal.h>

int main(int argc, char** argv)
{
  (void)argv;
#ifndef Q_WS_QWS
  return ((int*)(&Q_WS_QWS))[argc];
#else
  (void)argc;
  return 0;
#endif
}

Determining if the Q_WS_MAC exist failed with the following output:
Change Dir: /home/yunusem/projects/etacoser/build/CMakeFiles/CMakeTmp

Run Build Command:"/usr/bin/make" "cmTryCompileExec1883921308/fast"
/usr/bin/make -f CMakeFiles/cmTryCompileExec1883921308.dir/build.make CMakeFiles/cmTryCompileExec1883921308.dir/build
make[1]: Entering directory '/home/yunusem/projects/etacoser/build/CMakeFiles/CMakeTmp'
/usr/bin/cmake -E cmake_progress_report /home/yunusem/projects/etacoser/build/CMakeFiles/CMakeTmp/CMakeFiles 1
Building CXX object CMakeFiles/cmTryCompileExec1883921308.dir/CheckSymbolExists.cxx.o
/usr/bin/c++    -I/usr/include/qt4    -o CMakeFiles/cmTryCompileExec1883921308.dir/CheckSymbolExists.cxx.o -c /home/yunusem/projects/etacoser/build/CMakeFiles/CMakeTmp/CheckSymbolExists.cxx
/home/yunusem/projects/etacoser/build/CMakeFiles/CMakeTmp/CheckSymbolExists.cxx: In function ‘int main(int, char**)’:
/home/yunusem/projects/etacoser/build/CMakeFiles/CMakeTmp/CheckSymbolExists.cxx:8:19: error: ‘Q_WS_MAC’ was not declared in this scope
   return ((int*)(&Q_WS_MAC))[argc];
                   ^
CMakeFiles/cmTryCompileExec1883921308.dir/build.make:57: recipe for target 'CMakeFiles/cmTryCompileExec1883921308.dir/CheckSymbolExists.cxx.o' failed
make[1]: *** [CMakeFiles/cmTryCompileExec1883921308.dir/CheckSymbolExists.cxx.o] Error 1
make[1]: Leaving directory '/home/yunusem/projects/etacoser/build/CMakeFiles/CMakeTmp'
Makefile:118: recipe for target 'cmTryCompileExec1883921308/fast' failed
make: *** [cmTryCompileExec1883921308/fast] Error 2

File /home/yunusem/projects/etacoser/build/CMakeFiles/CMakeTmp/CheckSymbolExists.cxx:
/* */
#include <QtCore/qglobal.h>

int main(int argc, char** argv)
{
  (void)argv;
#ifndef Q_WS_MAC
  return ((int*)(&Q_WS_MAC))[argc];
#else
  (void)argc;
  return 0;
#endif
}

